<?xml version="1.0" encoding="UTF-8"?>
<!-- Generated by org.testng.reporters.JUnitReportReporter -->
<testsuite hostname="INW1PBBE01D" name="loginmodule.TestLogin" tests="7" failures="0" timestamp="26 Feb 2017 08:23:47 GMT" time="185.893" errors="0">
  <testcase name="testlogin" time="55.675" classname="loginmodule.TestLogin"/>
  <testcase name="testlogin" time="21.625" classname="loginmodule.TestLogin"/>
  <testcase name="testlogin" time="24.186" classname="loginmodule.TestLogin"/>
  <testcase name="testlogin" time="20.377" classname="loginmodule.TestLogin"/>
  <testcase name="testlogin" time="21.423" classname="loginmodule.TestLogin"/>
  <testcase name="testlogin" time="23.166" classname="loginmodule.TestLogin"/>
  <testcase name="testlogin" time="19.441" classname="loginmodule.TestLogin"/>
</testsuite> <!-- loginmodule.TestLogin -->
